May 15, 2017 5:09:38 PM logger.LoggerFactory getLogger
INFO: log file created
May 15, 2017 5:09:38 PM logger.LoggerFactory getLogger
INFO: Logger ready
May 15, 2017 5:09:50 PM chat.client.ServerHandler run
WARNING: In ServerHandler : could not send message to user using UserOutPW.
May 15, 2017 5:09:54 PM chat.client.ServerHandler run
WARNING: In ServerHandler : could not send message to user using UserOutPW.
May 15, 2017 5:09:56 PM chat.client.ServerHandler run
WARNING: In ServerHandler : could not send message to user using UserOutPW.
May 15, 2017 5:09:59 PM chat.client.ServerHandler run
WARNING: In ServerHandler : could not send message to user using UserOutPW.
May 15, 2017 5:10:00 PM chat.client.ServerHandler run
WARNING: In ServerHandler : could not send message to user using UserOutPW.
May 15, 2017 5:10:00 PM chat.client.ServerHandler run
WARNING: In ServerHandler : could not send message to user using UserOutPW.
May 15, 2017 5:10:00 PM chat.client.ServerHandler run
WARNING: In ServerHandler : could not send message to user using UserOutPW.
May 15, 2017 5:10:00 PM chat.client.ServerHandler run
WARNING: In ServerHandler : could not send message to user using UserOutPW.
May 15, 2017 5:10:01 PM chat.client.ServerHandler run
WARNING: In ServerHandler : could not send message to user using UserOutPW.
May 15, 2017 5:10:01 PM chat.client.ServerHandler run
WARNING: In ServerHandler : could not send message to user using UserOutPW.
May 15, 2017 5:10:01 PM chat.client.ServerHandler run
WARNING: In ServerHandler : could not send message to user using UserOutPW.
May 15, 2017 5:10:01 PM chat.client.ServerHandler run
WARNING: In ServerHandler : could not send message to user using UserOutPW.
May 15, 2017 5:10:01 PM chat.client.ServerHandler run
WARNING: In ServerHandler : could not send message to user using UserOutPW.
May 15, 2017 5:10:02 PM chat.client.ServerHandler run
WARNING: In ServerHandler : could not send message to user using UserOutPW.
May 15, 2017 5:10:02 PM chat.client.ServerHandler run
WARNING: In ServerHandler : could not send message to user using UserOutPW.
May 15, 2017 5:10:02 PM chat.client.ServerHandler run
WARNING: In ServerHandler : could not send message to user using UserOutPW.
May 15, 2017 5:10:02 PM chat.client.ServerHandler run
WARNING: In ServerHandler : could not send message to user using UserOutPW.
May 15, 2017 5:10:03 PM chat.client.ServerHandler run
WARNING: In ServerHandler : could not send message to user using UserOutPW.
May 15, 2017 5:10:03 PM chat.client.ServerHandler run
WARNING: In ServerHandler : could not send message to user using UserOutPW.
May 15, 2017 5:10:03 PM chat.client.ServerHandler run
WARNING: In ServerHandler : could not send message to user using UserOutPW.
May 15, 2017 5:10:03 PM chat.client.ServerHandler run
WARNING: In ServerHandler : could not send message to user using UserOutPW.
May 15, 2017 5:10:03 PM chat.client.ServerHandler run
WARNING: In ServerHandler : could not send message to user using UserOutPW.
May 15, 2017 5:10:03 PM chat.client.ServerHandler run
WARNING: In ServerHandler : could not send message to user using UserOutPW.
May 15, 2017 5:10:04 PM chat.client.ServerHandler run
WARNING: In ServerHandler : could not send message to user using UserOutPW.
May 15, 2017 5:10:04 PM chat.client.ServerHandler run
WARNING: In ServerHandler : could not send message to user using UserOutPW.
May 15, 2017 5:10:04 PM chat.client.ServerHandler run
WARNING: In ServerHandler : could not send message to user using UserOutPW.
May 15, 2017 5:10:04 PM chat.client.ServerHandler run
WARNING: In ServerHandler : could not send message to user using UserOutPW.
May 15, 2017 5:10:04 PM chat.client.ServerHandler run
WARNING: In ServerHandler : could not send message to user using UserOutPW.
May 15, 2017 5:10:04 PM chat.client.ServerHandler run
WARNING: In ServerHandler : could not send message to user using UserOutPW.
May 15, 2017 5:10:05 PM chat.client.ServerHandler run
WARNING: In ServerHandler : could not send message to user using UserOutPW.
May 15, 2017 5:10:05 PM chat.client.ServerHandler run
WARNING: In ServerHandler : could not send message to user using UserOutPW.
May 15, 2017 5:10:05 PM chat.client.ServerHandler run
WARNING: In ServerHandler : could not send message to user using UserOutPW.
May 15, 2017 5:10:05 PM chat.client.ServerHandler run
WARNING: In ServerHandler : could not send message to user using UserOutPW.
May 15, 2017 5:10:05 PM chat.client.ServerHandler run
WARNING: In ServerHandler : could not send message to user using UserOutPW.
May 15, 2017 5:10:06 PM chat.client.ServerHandler run
WARNING: In ServerHandler : could not send message to user using UserOutPW.
May 15, 2017 5:10:06 PM chat.client.ServerHandler run
WARNING: In ServerHandler : could not send message to user using UserOutPW.
May 15, 2017 5:10:06 PM chat.client.ServerHandler run
WARNING: In ServerHandler : could not send message to user using UserOutPW.
May 15, 2017 5:10:06 PM chat.client.ServerHandler run
WARNING: In ServerHandler : could not send message to user using UserOutPW.
May 15, 2017 5:10:06 PM chat.client.ServerHandler run
WARNING: In ServerHandler : could not send message to user using UserOutPW.
May 15, 2017 5:10:07 PM chat.client.ServerHandler run
WARNING: In ServerHandler : could not send message to user using UserOutPW.
May 15, 2017 5:10:09 PM chat.client.ServerHandler run
WARNING: In ServerHandler : could not send message to user using UserOutPW.
May 15, 2017 5:10:12 PM chat.client.ServerHandler run
WARNING: In ServerHandler : could not send message to user using UserOutPW.
May 15, 2017 5:10:14 PM chat.client.ServerHandler run
WARNING: In ServerHandler : could not send message to user using UserOutPW.
May 15, 2017 5:10:15 PM chat.client.ServerHandler run
WARNING: In ServerHandler : could not send message to user using UserOutPW.
May 15, 2017 5:10:16 PM chat.client.ServerHandler run
WARNING: In ServerHandler : could not send message to user using UserOutPW.
May 15, 2017 5:10:16 PM chat.client.ServerHandler run
WARNING: In ServerHandler : could not send message to user using UserOutPW.
May 15, 2017 5:10:17 PM chat.client.ServerHandler run
WARNING: In ServerHandler : could not send message to user using UserOutPW.
May 15, 2017 5:10:17 PM chat.client.ServerHandler run
WARNING: In ServerHandler : could not send message to user using UserOutPW.
May 15, 2017 5:10:17 PM chat.client.ServerHandler run
WARNING: In ServerHandler : could not send message to user using UserOutPW.
May 15, 2017 5:10:17 PM chat.client.ServerHandler run
WARNING: In ServerHandler : could not send message to user using UserOutPW.
May 15, 2017 5:10:17 PM chat.client.ServerHandler run
WARNING: In ServerHandler : could not send message to user using UserOutPW.
May 15, 2017 5:10:17 PM chat.client.ServerHandler run
WARNING: In ServerHandler : could not send message to user using UserOutPW.
May 15, 2017 5:10:18 PM chat.client.ServerHandler run
WARNING: In ServerHandler : could not send message to user using UserOutPW.
May 15, 2017 5:10:18 PM chat.client.ServerHandler run
WARNING: In ServerHandler : could not send message to user using UserOutPW.
May 15, 2017 5:10:18 PM chat.client.ServerHandler run
WARNING: In ServerHandler : could not send message to user using UserOutPW.
May 15, 2017 5:10:18 PM chat.client.ServerHandler run
WARNING: In ServerHandler : could not send message to user using UserOutPW.
May 15, 2017 5:10:18 PM chat.client.ServerHandler run
WARNING: In ServerHandler : could not send message to user using UserOutPW.
May 15, 2017 5:10:19 PM chat.client.ServerHandler run
WARNING: In ServerHandler : could not send message to user using UserOutPW.
May 15, 2017 5:10:19 PM chat.client.ServerHandler run
WARNING: In ServerHandler : could not send message to user using UserOutPW.
May 15, 2017 5:10:19 PM chat.client.ServerHandler run
WARNING: In ServerHandler : could not send message to user using UserOutPW.
May 15, 2017 5:10:19 PM chat.client.ServerHandler run
WARNING: In ServerHandler : could not send message to user using UserOutPW.
May 15, 2017 5:10:19 PM chat.client.ServerHandler run
WARNING: In ServerHandler : could not send message to user using UserOutPW.
May 15, 2017 5:10:20 PM chat.client.ServerHandler run
WARNING: In ServerHandler : could not send message to user using UserOutPW.
May 15, 2017 5:10:20 PM chat.client.ServerHandler run
WARNING: In ServerHandler : could not send message to user using UserOutPW.
May 15, 2017 5:10:20 PM chat.client.ServerHandler run
WARNING: In ServerHandler : could not send message to user using UserOutPW.
May 15, 2017 5:10:20 PM chat.client.ServerHandler run
WARNING: In ServerHandler : could not send message to user using UserOutPW.
May 15, 2017 5:10:20 PM chat.client.ServerHandler run
WARNING: In ServerHandler : could not send message to user using UserOutPW.
May 15, 2017 5:10:20 PM chat.client.ServerHandler run
WARNING: In ServerHandler : could not send message to user using UserOutPW.
May 15, 2017 5:10:21 PM chat.client.ServerHandler run
WARNING: In ServerHandler : could not send message to user using UserOutPW.
May 15, 2017 5:10:21 PM chat.client.ServerHandler run
WARNING: In ServerHandler : could not send message to user using UserOutPW.
May 15, 2017 5:10:21 PM chat.client.ServerHandler run
WARNING: In ServerHandler : could not send message to user using UserOutPW.
May 15, 2017 5:10:21 PM chat.client.ServerHandler run
WARNING: In ServerHandler : could not send message to user using UserOutPW.
May 15, 2017 5:10:21 PM chat.client.ServerHandler run
WARNING: In ServerHandler : could not send message to user using UserOutPW.
May 15, 2017 5:10:22 PM chat.client.ServerHandler run
WARNING: In ServerHandler : could not send message to user using UserOutPW.
May 15, 2017 5:10:22 PM chat.client.ServerHandler run
WARNING: In ServerHandler : could not send message to user using UserOutPW.
May 15, 2017 5:10:22 PM chat.client.ServerHandler run
WARNING: In ServerHandler : could not send message to user using UserOutPW.
May 15, 2017 5:10:30 PM chat.client.ServerHandler run
WARNING: In ServerHandler : could not send message to user using UserOutPW.
May 15, 2017 5:10:30 PM chat.client.ServerHandler run
WARNING: could not read message de serverInOS
